#
# There is insufficient memory for the Java Runtime Environment to continue.
# Native memory allocation (mmap) failed to map 65011712 bytes for G1 virtual space
# Possible reasons:
#   The system is out of physical RAM or swap space
#   The process is running with CompressedOops enabled, and the Java Heap may be blocking the growth of the native heap
# Possible solutions:
#   Reduce memory load on the system
#   Increase physical memory or swap space
#   Check if swap backing store is full
#   Decrease Java heap size (-Xmx/-Xms)
#   Decrease number of Java threads
#   Decrease Java thread stack sizes (-Xss)
#   Set larger code cache with -XX:ReservedCodeCacheSize=
#   JVM is running with Unscaled Compressed Oops mode in which the Java heap is
#     placed in the first 4GB address space. The Java Heap base address is the
#     maximum limit for the native heap growth. Please use -XX:HeapBaseMinAddress
#     to set the Java Heap base and to place the Java Heap above 4GB virtual address.
# This output file may be truncated or incomplete.
#
#  Out of Memory Error (os_windows.cpp:3536), pid=1348, tid=14628
#
# JRE version:  (19.0.2+7) (build )
# Java VM: OpenJDK 64-Bit Server VM (19.0.2+7-44, mixed mode, sharing, tiered, compressed oops, compressed class ptrs, g1 gc, windows-amd64)
# No core dump will be written. Minidumps are not enabled by default on client versions of Windows
#

---------------  S U M M A R Y ------------

Command Line: -Dnet.bytebuddy.agent.attacher.dump= net.bytebuddy.agent.Attacher com.sun.tools.attach.VirtualMachine 13232 C:\Users\ERNEST EMMANUEL\.m2\repository\net\bytebuddy\byte-buddy-agent\1.14.4\byte-buddy-agent-1.14.4.jar false 

Host: Intel(R) Core(TM) i5-6300U CPU @ 2.40GHz, 4 cores, 3G,  Windows 11 , 64 bit Build 22621 (10.0.22621.1778)
Time: Wed Jul  5 22:07:54 2023 W. Central Africa Standard Time elapsed time: 0.028099 seconds (0d 0h 0m 0s)

---------------  T H R E A D  ---------------

Current thread (0x000002a0713b7ac0):  JavaThread "Unknown thread" [_thread_in_vm, id=14628, stack(0x000000c237200000,0x000000c237300000)]

Stack: [0x000000c237200000,0x000000c237300000]
Native frames: (J=compiled Java code, j=interpreted, Vv=VM code, C=native code)
V  [jvm.dll+0x6ee21a]
V  [jvm.dll+0x85765e]
V  [jvm.dll+0x85904e]
V  [jvm.dll+0x859703]
V  [jvm.dll+0x28298f]
V  [jvm.dll+0x6eb009]
V  [jvm.dll+0x6dfbaa]
V  [jvm.dll+0x3573f6]
V  [jvm.dll+0x35ee56]
V  [jvm.dll+0x3b541e]
V  [jvm.dll+0x3b564f]
V  [jvm.dll+0x32c9ea]
V  [jvm.dll+0x32d89e]
V  [jvm.dll+0x821780]
V  [jvm.dll+0x3c2661]
V  [jvm.dll+0x801f51]
V  [jvm.dll+0x44ae8f]
V  [jvm.dll+0x44c811]
C  [jli.dll+0x5287]
C  [ucrtbase.dll+0x29363]
C  [KERNEL32.DLL+0x126ad]
C  [ntdll.dll+0x5a9f8]


---------------  P R O C E S S  ---------------

Threads class SMR info:
_java_thread_list=0x00007ffcc556d048, length=0, elements={
}

Java Threads: ( => current thread )

Other Threads:
  0x000002a0713f8eb0 WorkerThread "GC Thread#0" [stack: 0x000000c237300000,0x000000c237400000] [id=10668]
  0x000002a0714022f0 ConcurrentGCThread "G1 Main Marker" [stack: 0x000000c237400000,0x000000c237500000] [id=2724]
  0x000002a071402d20 WorkerThread "G1 Conc#0" [stack: 0x000000c237500000,0x000000c237600000] [id=9624]

[error occurred during error reporting (printing all threads), id 0xc0000005, EXCEPTION_ACCESS_VIOLATION (0xc0000005) at pc=0x00007ffcc4d2d427]

VM state: not at safepoint (not fully initialized)

VM Mutex/Monitor currently owned by a thread:  ([mutex/lock_event])
[0x000002a0713b5ec0] Heap_lock - owner thread: 0x000002a0713b7ac0

Heap address: 0x00000000c2e00000, size: 978 MB, Compressed Oops mode: 32-bit

CDS archive(s) mapped at: [0x0000000000000000-0x0000000000000000-0x0000000000000000), size 0, SharedBaseAddress: 0x0000000800000000, ArchiveRelocationMode: 0.
Narrow klass base: 0x0000000000000000, Narrow klass shift: 0, Narrow klass range: 0x0

GC Precious Log:
 CardTable entry size: 512
 Card Set container configuration: InlinePtr #cards 5 size 8 Array Of Cards #cards 12 size 40 Howl #buckets 4 coarsen threshold 1843 Howl Bitmap #cards 512 size 80 coarsen threshold 460 Card regions per heap region 1 cards per card region 2048

Heap:
 garbage-first heap   total 0K, used 0K [0x00000000c2e00000, 0x0000000100000000)
  region size 1024K, 0 young (0K), 0 survivors (0K)

[error occurred during error reporting (printing heap information), id 0xc0000005, EXCEPTION_ACCESS_VIOLATION (0xc0000005) at pc=0x00007ffcc5136649]

GC Heap History (0 events):
No events

Dll operation events (1 events):
Event: 0.017 Loaded shared library C:\Users\ERNEST EMMANUEL\.jdks\openjdk-19.0.2\bin\java.dll

Deoptimization events (0 events):
No events

Classes loaded (0 events):
No events

Classes unloaded (0 events):
No events

Classes redefined (0 events):
No events

Internal exceptions (0 events):
No events

VM Operations (0 events):
No events

Events (0 events):
No events


Dynamic libraries:
0x00007ff7192f0000 - 0x00007ff7192fe000 	C:\Users\ERNEST EMMANUEL\.jdks\openjdk-19.0.2\bin\java.exe
0x00007ffd3a610000 - 0x00007ffd3a824000 	C:\Windows\SYSTEM32\ntdll.dll
0x00007ffd39720000 - 0x00007ffd397e2000 	C:\Windows\System32\KERNEL32.DLL
0x00007ffd37f20000 - 0x00007ffd382c3000 	C:\Windows\System32\KERNELBASE.dll
0x00007ffd382d0000 - 0x00007ffd383e1000 	C:\Windows\System32\ucrtbase.dll
0x00007ffd330c0000 - 0x00007ffd330d7000 	C:\Users\ERNEST EMMANUEL\.jdks\openjdk-19.0.2\bin\jli.dll
0x00007ffd25340000 - 0x00007ffd2535b000 	C:\Users\ERNEST EMMANUEL\.jdks\openjdk-19.0.2\bin\VCRUNTIME140.dll
0x00007ffd384e0000 - 0x00007ffd3868b000 	C:\Windows\System32\USER32.dll
0x00007ffd37c50000 - 0x00007ffd37c76000 	C:\Windows\System32\win32u.dll
0x00007ffd38690000 - 0x00007ffd386b9000 	C:\Windows\System32\GDI32.dll
0x00007ffd248d0000 - 0x00007ffd24b5e000 	C:\Windows\WinSxS\amd64_microsoft.windows.common-controls_6595b64144ccf1df_6.0.22621.1635_none_270f70857386168e\COMCTL32.dll
0x00007ffd37ab0000 - 0x00007ffd37bc9000 	C:\Windows\System32\gdi32full.dll
0x00007ffd39af0000 - 0x00007ffd39b97000 	C:\Windows\System32\msvcrt.dll
0x00007ffd37a10000 - 0x00007ffd37aaa000 	C:\Windows\System32\msvcp_win.dll
0x00007ffd3a2c0000 - 0x00007ffd3a2f1000 	C:\Windows\System32\IMM32.DLL
0x00007ffd27750000 - 0x00007ffd2775c000 	C:\Users\ERNEST EMMANUEL\.jdks\openjdk-19.0.2\bin\vcruntime140_1.dll
0x00007ffcdffb0000 - 0x00007ffce003e000 	C:\Users\ERNEST EMMANUEL\.jdks\openjdk-19.0.2\bin\msvcp140.dll
0x00007ffcc49f0000 - 0x00007ffcc56b0000 	C:\Users\ERNEST EMMANUEL\.jdks\openjdk-19.0.2\bin\server\jvm.dll
0x00007ffd39e80000 - 0x00007ffd39f2e000 	C:\Windows\System32\ADVAPI32.dll
0x00007ffd39a40000 - 0x00007ffd39ae4000 	C:\Windows\System32\sechost.dll
0x00007ffd39d60000 - 0x00007ffd39e77000 	C:\Windows\System32\RPCRT4.dll
0x00007ffd1cc10000 - 0x00007ffd1cc19000 	C:\Windows\SYSTEM32\WSOCK32.dll
0x00007ffd386c0000 - 0x00007ffd38731000 	C:\Windows\System32\WS2_32.dll
0x00007ffd277f0000 - 0x00007ffd277fa000 	C:\Windows\SYSTEM32\VERSION.dll
0x00007ffd30310000 - 0x00007ffd30344000 	C:\Windows\SYSTEM32\WINMM.dll
0x00007ffd36a60000 - 0x00007ffd36a78000 	C:\Windows\SYSTEM32\kernel.appcore.dll
0x00007ffd27390000 - 0x00007ffd2739a000 	C:\Users\ERNEST EMMANUEL\.jdks\openjdk-19.0.2\bin\jimage.dll
0x00007ffd2f460000 - 0x00007ffd2f68e000 	C:\Windows\SYSTEM32\DBGHELP.DLL
0x00007ffd39f30000 - 0x00007ffd3a2b9000 	C:\Windows\System32\combase.dll
0x00007ffd383f0000 - 0x00007ffd384c7000 	C:\Windows\System32\OLEAUT32.dll
0x00007ffd25620000 - 0x00007ffd25652000 	C:\Windows\SYSTEM32\dbgcore.DLL
0x00007ffd37bd0000 - 0x00007ffd37c4b000 	C:\Windows\System32\bcryptPrimitives.dll
0x00007ffd25310000 - 0x00007ffd25336000 	C:\Users\ERNEST EMMANUEL\.jdks\openjdk-19.0.2\bin\java.dll

dbghelp: loaded successfully - version: 4.0.5 - missing functions: none
symbol engine: initialized successfully - sym options: 0x614 - pdb path: .;C:\Users\ERNEST EMMANUEL\.jdks\openjdk-19.0.2\bin;C:\Windows\SYSTEM32;C:\Windows\WinSxS\amd64_microsoft.windows.common-controls_6595b64144ccf1df_6.0.22621.1635_none_270f70857386168e;C:\Users\ERNEST EMMANUEL\.jdks\openjdk-19.0.2\bin\server

VM Arguments:
jvm_args: -Dnet.bytebuddy.agent.attacher.dump= 
java_command: net.bytebuddy.agent.Attacher com.sun.tools.attach.VirtualMachine 13232 C:\Users\ERNEST EMMANUEL\.m2\repository\net\bytebuddy\byte-buddy-agent\1.14.4\byte-buddy-agent-1.14.4.jar false 
java_class_path (initial): C:\Users\ERNEST EMMANUEL\.m2\repository\net\bytebuddy\byte-buddy-agent\1.14.4\byte-buddy-agent-1.14.4.jar
Launcher Type: SUN_STANDARD

[Global flags]
     intx CICompilerCount                          = 3                                         {product} {ergonomic}
     uint ConcGCThreads                            = 1                                         {product} {ergonomic}
     uint G1ConcRefinementThreads                  = 4                                         {product} {ergonomic}
   size_t G1HeapRegionSize                         = 1048576                                   {product} {ergonomic}
    uintx GCDrainStackTargetSize                   = 64                                        {product} {ergonomic}
   size_t InitialHeapSize                          = 65011712                                  {product} {ergonomic}
   size_t MarkStackSize                            = 4194304                                   {product} {ergonomic}
   size_t MaxHeapSize                              = 1025507328                                {product} {ergonomic}
   size_t MinHeapDeltaBytes                        = 1048576                                   {product} {ergonomic}
   size_t MinHeapSize                              = 8388608                                   {product} {ergonomic}
    uintx NonNMethodCodeHeapSize                   = 5832780                                {pd product} {ergonomic}
    uintx NonProfiledCodeHeapSize                  = 122912730                              {pd product} {ergonomic}
    uintx ProfiledCodeHeapSize                     = 122912730                              {pd product} {ergonomic}
    uintx ReservedCodeCacheSize                    = 251658240                              {pd product} {ergonomic}
     bool SegmentedCodeCache                       = true                                      {product} {ergonomic}
   size_t SoftMaxHeapSize                          = 1025507328                             {manageable} {ergonomic}
     bool UseCompressedClassPointers               = true                           {product lp64_product} {ergonomic}
     bool UseCompressedOops                        = true                           {product lp64_product} {ergonomic}
     bool UseG1GC                                  = true                                      {product} {ergonomic}
     bool UseLargePagesIndividualAllocation        = false                                  {pd product} {ergonomic}

Logging:
Log output configuration:
 #0: stdout all=warning uptime,level,tags foldmultilines=false
 #1: stderr all=off uptime,level,tags foldmultilines=false

Environment Variables:
JAVA_HOME=C:\Program Files\Java\jdk-19
PATH=C:\Program Files\Common Files\Oracle\Java\javapath;C:\Windows\system32;C:\Windows;C:\Windows\System32\Wbem;C:\Windows\System32\WindowsPowerShell\v1.0\;C:\Windows\System32\OpenSSH\;C:\Program Files\nodejs\C:\Program Files\Java\jdk-19\bin;C:\Program Files\nodejs\;C:\Users\ERNEST EMMANUEL\AppData\Local\Programs\Python\Python310;C:\Program Files\Amazon\AWSCLIV2\;C:\Program Files\Git\cmd;C:\Users\ERNEST EMMANUEL\AppData\Local\Programs\Python\Launcher\;C:\Users\ERNEST EMMANUEL\AppData\Local\Programs\Python\Python310\Scripts\;C:\Users\ERNEST EMMANUEL\AppData\Local\Programs\Python\Python310\;C:\Program Files\MySQL\MySQL Shell 8.0\bin\;C:\Users\ERNEST EMMANUEL\AppData\Local\Microsoft\WindowsApps;;C:\Users\ERNEST EMMANUEL\AppData\Local\Programs\Microsoft VS Code Insiders\bin;C:\Program Files\JetBrains\PyCharm 2022.2.2\bin;;C:\Users\ERNEST EMMANUEL\AppData\Roaming\npm;C:\Program Files\JetBrains\IntelliJ IDEA 2023.1.1\bin;
USERNAME=ERNEST EMMANUEL
OS=Windows_NT
PROCESSOR_IDENTIFIER=Intel64 Family 6 Model 78 Stepping 3, GenuineIntel
TMP=C:\Users\ERNEST~1\AppData\Local\Temp
TEMP=C:\Users\ERNEST~1\AppData\Local\Temp



---------------  S Y S T E M  ---------------

OS:
 Windows 11 , 64 bit Build 22621 (10.0.22621.1778)
OS uptime: 3 days 23:19 hours
Hyper-V role detected

CPU: total 4 (initial active 4) (2 cores per cpu, 2 threads per core) family 6 model 78 stepping 3 microcode 0xd6, cx8, cmov, fxsr, ht, mmx, 3dnowpref, sse, sse2, sse3, ssse3, sse4.1, sse4.2, popcnt, lzcnt, tsc, tscinvbit, avx, avx2, aes, erms, clmul, bmi1, bmi2, rtm, adx, fma, vzeroupper, clflush, clflushopt, hv, rdtscp

Memory: 4k page, system-wide physical 3908M (258M free)
TotalPageFile size 15684M (AvailPageFile size 314M)
current process WorkingSet (physical memory assigned to process): 11M, peak: 11M
current process commit charge ("private bytes"): 51M, peak: 113M

vm_info: OpenJDK 64-Bit Server VM (19.0.2+7-44) for windows-amd64 JRE (19.0.2+7-44), built on 2022-11-30T18:02:09Z by "mach5one" with MS VC++ 17.1 (VS2022)

END.
